-------------------------------------------------------------------------------
Test set: TestSuite
-------------------------------------------------------------------------------
Tests run: 10, Failures: 1, Errors: 0, Skipped: 0, Time elapsed: 163.975 s <<< FAILURE! - in TestSuite
messageCenterClickTest(com.LVweb.TestCases.HomePageTest)  Time elapsed: 1.343 s  <<< FAILURE!
java.lang.AssertionError: expected [true] but found [false]
	at com.LVweb.TestCases.HomePageTest.messageCenterClickTest(HomePageTest.java:86)

