<?xml version="1.0" encoding="UTF-8"?>
<testsuite xmlns:xsi="http://www.w3.org/2001/XMLSchema-instance" xsi:noNamespaceSchemaLocation="https://maven.apache.org/surefire/maven-surefire-plugin/xsd/surefire-test-report.xsd" name="TestSuite" time="163.975" tests="10" errors="0" skipped="0" failures="1">
  <properties>
[...]
</properties>
  <testcase name="logintest" classname="com.LVweb.TestCases.LoginPageTest" time="9.67"/>
  <testcase name="loginoffTest" classname="com.LVweb.TestCases.LoginPageTest" time="2.212"/>
  <testcase name="logoDisplayTest" classname="com.LVweb.TestCases.HomePageTest" time="0.043"/>
  <testcase name="announcementClickTest" classname="com.LVweb.TestCases.HomePageTest" time="1.653"/>
  <testcase name="faqClickTest" classname="com.LVweb.TestCases.HomePageTest" time="0.894"/>
  <testcase name="estBenefitClickTest" classname="com.LVweb.TestCases.HomePageTest" time="2.261"/>
  <testcase name="penSummaryClickTest" classname="com.LVweb.TestCases.HomePageTest" time="1.384"/>
  <testcase name="persInfoClickTest" classname="com.LVweb.TestCases.HomePageTest" time="3.774"/>
  <testcase name="resourcesClickTest" classname="com.LVweb.TestCases.HomePageTest" time="2.296"/>
  <testcase name="messageCenterClickTest" classname="com.LVweb.TestCases.HomePageTest" time="1.343">
    <failure message="expected [true] but found [false]" type="java.lang.AssertionError">java.lang.AssertionError: expected [true] but found [false]
	at com.LVweb.TestCases.HomePageTest.messageCenterClickTest(HomePageTest.java:86)
</failure>
    <system-out><![CDATA[resourcesClickTest:Passed
]]></system-out>
    <system-err><![CDATA[Starting ChromeDriver 2.37.544315 (730aa6a5fdba159ac9f4c1e8cbc59bf1b5ce12b7) on port 40849
Only local connections are allowed.
Jul 20, 2018 7:12:26 PM org.openqa.selenium.remote.ProtocolHandshake createSession
INFO: Detected dialect: OSS
]]></system-err>
  </testcase>
</testsuite>