<?xml version="1.0" encoding="UTF-8"?>
<testng-results skipped="0" failed="0" total="1" passed="1">
  <reporter-output>
  </reporter-output>
  <suite name="Default suite" duration-ms="22" started-at="2018-07-19T13:50:12Z" finished-at="2018-07-19T13:50:12Z">
    <groups>
    </groups>
    <test name="Default test" duration-ms="22" started-at="2018-07-19T13:50:12Z" finished-at="2018-07-19T13:50:12Z">
      <class name="com.LVweb.TestCases.EstimateBenefitTest">
        <test-method status="PASS" signature="arrayListConcept()[pri:0, instance:com.LVweb.TestCases.EstimateBenefitTest@3ffc5af1]" name="arrayListConcept" duration-ms="9" started-at="2018-07-19T19:20:12Z" finished-at="2018-07-19T19:20:12Z">
          <reporter-output>
          </reporter-output>
        </test-method> <!-- arrayListConcept -->
      </class> <!-- com.LVweb.TestCases.EstimateBenefitTest -->
    </test> <!-- Default test -->
  </suite> <!-- Default suite -->
</testng-results>
